<?xml version="1.0" encoding="UTF-8"?>
<!-- Generated by org.testng.reporters.JUnitReportReporter -->
<testsuite hostname="XIPL91105" failures="0" tests="1" name="cucumber.Options.runAPIs" time="2.692" errors="0" timestamp="2021-05-19T14:13:53 IST" skipped="0">
  <testcase classname="cucumber.Options.runAPIs" name="runScenario" time="2.692"/>
  <system-out/>
</testsuite> <!-- cucumber.Options.runAPIs -->
