<?xml version="1.0" encoding="UTF-8"?>
<!-- Generated by org.testng.reporters.JUnitReportReporter -->
<testsuite hostname="XIPL91105" failures="0" tests="1" name="restassured_bdd.regresAPI.RegresAPITesting" time="2.029" errors="0" timestamp="2021-05-14T15:16:33 IST" skipped="0">
  <testcase classname="restassured_bdd.regresAPI.RegresAPITesting" name="test" time="2.029"/>
  <system-out/>
</testsuite> <!-- restassured_bdd.regresAPI.RegresAPITesting -->
