<?xml version="1.0" encoding="UTF-8"?>
<!-- Generated by org.testng.reporters.JUnitReportReporter -->
<testsuite hostname="XIPL91105" failures="0" tests="5" name="cucumber.Options.runAPIs" time="5.387" errors="0" timestamp="2021-05-20T13:31:04 IST" skipped="0">
  <testcase classname="cucumber.Options.runAPIs" name="runScenario" time="0.787"/>
  <system-out/>
  <testcase classname="cucumber.Options.runAPIs" name="runScenario" time="2.251"/>
  <system-out/>
  <testcase classname="cucumber.Options.runAPIs" name="runScenario" time="1.107"/>
  <system-out/>
  <testcase classname="cucumber.Options.runAPIs" name="runScenario" time="0.481"/>
  <system-out/>
  <testcase classname="cucumber.Options.runAPIs" name="runScenario" time="0.761"/>
  <system-out/>
</testsuite> <!-- cucumber.Options.runAPIs -->
