<?xml version="1.0" encoding="UTF-8"?>
<!-- Generated by org.testng.reporters.JUnitReportReporter -->
<testsuite hostname="XIPL91105" failures="0" tests="5" name="cucumber.Options.runAPIs" time="8.593" errors="0" timestamp="2021-05-24T10:53:40 IST" skipped="0">
  <testcase classname="cucumber.Options.runAPIs" name="runScenario" time="1.059"/>
  <system-out/>
  <testcase classname="cucumber.Options.runAPIs" name="runScenario" time="1.309"/>
  <system-out/>
  <testcase classname="cucumber.Options.runAPIs" name="runScenario" time="3.479"/>
  <system-out/>
  <testcase classname="cucumber.Options.runAPIs" name="runScenario" time="1.048"/>
  <system-out/>
  <testcase classname="cucumber.Options.runAPIs" name="runScenario" time="1.698"/>
  <system-out/>
</testsuite> <!-- cucumber.Options.runAPIs -->
