<?xml version="1.0" encoding="UTF-8"?>
<!-- Generated by org.testng.reporters.JUnitReportReporter -->
<testsuite hostname="XIPL91105" failures="0" tests="5" name="cucumber.Options.runAPIs" time="7.744" errors="0" timestamp="2021-05-20T22:06:53 IST" skipped="0">
  <testcase classname="cucumber.Options.runAPIs" name="runScenario" time="3.269"/>
  <system-out/>
  <testcase classname="cucumber.Options.runAPIs" name="runScenario" time="0.975"/>
  <system-out/>
  <testcase classname="cucumber.Options.runAPIs" name="runScenario" time="1.328"/>
  <system-out/>
  <testcase classname="cucumber.Options.runAPIs" name="runScenario" time="1.051"/>
  <system-out/>
  <testcase classname="cucumber.Options.runAPIs" name="runScenario" time="1.121"/>
  <system-out/>
</testsuite> <!-- cucumber.Options.runAPIs -->
